Заказ[2464]. Имя: Levon, Телефон: +7 (123) 456-78-90. Товары: Пакеты с логотипом x 1шт -> 1руб, . Всего: 1руб. Способ доставки: Транспортной компанией.
Заказ[2465]. Имя: Levon, Телефон: +7 (123) 456-78-90. Товары: Дробилка (Измельчитель отходов) пластмасс SLF x 1шт -> 600000руб, . Всего: 600000руб. Способ доставки: Транспортной компанией.
Заказ[2466]. Имя: Levon, Телефон: +7 (123) 456-78-90. Товары: Вторсырье для полиэтилена - 2 сорт x 1шт -> 38руб, . Всего: 38руб. Способ доставки: Транспортной компанией.
Заказ[2467]. Имя: Тест, Телефон: +7 (999) 999-99-99. Товары: Линия для производства 3-х слойной стрейч пленки TL 70-50*2-1000 x 1шт -> 3300000руб, . Всего: 3300000руб. Способ доставки: Транспортной компанией.
Заказ[2489]. Имя: Прооооооо, Телефон: +7 (525) 455-55-55. Товары: Вторичная стрейч пленка x 1шт -> 80руб, . Всего: 80руб. Способ доставки: Транспортной компанией.
Заказ[2495]. Имя: Иван, Телефон: +7 (000) 000-00-00. Товары: Дробилка (Измельчитель отходов) пластмасс SLF x 1шт -> 600000руб, . Всего: 600000руб. Способ доставки: Транспортной компанией.
Заказ[3953]. Имя: Сафьян, Телефон: +7 (928) 060-36-31. Товары: Стрейч пленка машинная 23 мкм 500 мм 14 кг x 1шт -> 80руб, . Всего: 80руб. Способ доставки: Транспортной компанией.
Заказ[3990]. Имя: Лидия, Телефон: +7 (915) 954-70-78. Товары: Стрейч пленка черная x 6шт -> 480руб, . Всего: 480руб. Способ доставки: Курьером.
Заказ[4236]. Имя: Василий, Телефон: +7 (920) 932-07-23. Товары: Стрейч пленка черная x 2шт -> 160руб, . Всего: 160руб. Способ доставки: Курьером.
Заказ[4237]. Имя: Лола, Телефон: +7 (926) 221-55-76. Товары: Пленка полиэтиленовая термоусадочная x 1шт -> 120руб, . Всего: 120руб. Способ доставки: Курьером.
Заказ[4240]. Имя: Инна, Телефон: +7 (495) 790-71-25. Товары: Стрейч пленка цветная x 30шт -> 2400руб, . Всего: 2400руб. Способ доставки: Курьером.
Заказ[4260]. Имя: Андрей, Телефон: +7 (903) 726-44-60. Товары: Стрейч пленка цветная x 120шт -> 9600руб, . Всего: 9600руб. Способ доставки: Курьером.
Заказ[4265]. Имя: Асия, Телефон: +7 (905) 346-94-27. Товары: Стрейч пленка цветная x 10шт -> 800руб, . Всего: 800руб. Способ доставки: Курьером.
Заказ[4272]. Имя: Арина, Телефон: +7 (916) 971-75-04. Товары: Стрейч пленка черная x 2шт -> 160руб, . Всего: 160руб. Способ доставки: Курьером.
Заказ[4274]. Имя: Максим, Телефон: +7 (916) 853-76-46. Товары: Вторичная стрейч пленка 20 мкм 1 кг x 60шт -> 5580руб, . Всего: 5580руб. Способ доставки: Курьером.
Заказ[4275]. Имя: мария, Телефон: 84953696813. Товары: Машинная вторичная стрейч пленка 500мм*20мкм*12кг x 40шт -> 44640руб, . Всего: 44640руб. Способ доставки: Курьером.
Заказ[4280]. Имя: Максим Слесарев, Телефон: +7 (929) 609-20-45. Товары: Гранула вторичная ПВД x 5шт -> 285руб, . Всего: 285руб. Способ доставки: Курьером.
Заказ[4282]. Имя: Светлана, Телефон: +7 (903) 009-71-33. Товары: Маска медицинская одноразовая трехслойная на резинках x 300шт -> 18000руб, . Всего: 18000руб. Способ доставки: Курьером.
Заказ[4284]. Имя: ООО КАТЕКС-СПБ, Телефон: +7 (921) 595-62-23. Товары: Маска медицинская одноразовая трехслойная на резинках x 2000шт -> 120000руб, . Всего: 120000руб. Способ доставки: Курьером.
Заказ[4285]. Имя: Дмитрий, Телефон: +7 (926) 614-97-55. Товары: Маска медицинская одноразовая трехслойная на резинках x 100шт -> 6900руб, . Всего: 6900руб. Способ доставки: Курьером.
Заказ[4286]. Имя: Олеся, Телефон: +7 (926) 601-51-55. Товары: Маска медицинская одноразовая трехслойная на резинках x 20шт -> 1380руб, . Всего: 1380руб. Способ доставки: Курьером.
Заказ[4287]. Имя: У, Телефон: +7 (999) 999-99-99. Товары: Вторсырье для полиэтилена - 2 сорт x 1шт -> 38руб, . Всего: 38руб. Способ доставки: Транспортной компанией.
Заказ[4289]. Имя: Светлана, Телефон: +7 (915) 369-42-13. Товары: Маска защитная одноразовая трехслойная на резинках x 2000шт -> 138000руб, . Всего: 138000руб. Способ доставки: Курьером.
Заказ[4290]. Имя: Фёдор Тиссен, Телефон: +7 (919) 108-32-28. Товары: Маска защитная одноразовая трехслойная на резинках x 300шт -> 20700руб, . Всего: 20700руб. Способ доставки: Курьером.
Заказ[4305]. Имя: Денис, Телефон: +7 (905) 185-48-00. Товары: Полуавтоматическая линия для производства одноразовых медицинских масок RS312 x 1шт -> 8000000руб, . Всего: 8000000руб. Способ доставки: Транспортной компанией.
Заказ[4340]. Имя: Клена, Телефон: +7 (925) 079-42-79. Товары: Спанбонд для производства масок 175мм*500м (30 г/м2) x 1шт -> 550руб, Спанбонд для производства масок 205мм*500м (20 г/м2) x 1шт -> 550руб, . Всего: 1100руб. Способ доставки: Транспортной компанией.
Заказ[4341]. Имя: Наталья, Телефон: +7 (925) 703-01-60. Товары: Стрейч пленка 23 мкм 500 мм 3 кг x 60шт -> 21240руб, . Всего: 21240руб. Способ доставки: Курьером.
Заказ[4369]. Имя: Виктор, Телефон: +7 (964) 774-01-44. Товары: Вторичная стрейч пленка 17 мкм 500 мм 1 кг x 60шт -> 5580руб, . Всего: 5580руб. Способ доставки: Курьером.
Заказ[4370]. Имя: Денис, Телефон: +7 (929) 699-12-62. Товары: Стрейч пленка белая x 24шт -> 1920руб, . Всего: 1920руб. Способ доставки: Курьером.
Заказ[4371]. Имя: Денис, Телефон: +7 (929) 699-12-62. Товары: Стрейч пленка белая x 24шт -> 1920руб, . Всего: 1920руб. Способ доставки: Курьером.
Заказ[4399]. Имя: Владимир, Телефон: 89268273527. Товары: Стрейч пленка черная x 15шт -> 1200руб, . Всего: 1200руб. Способ доставки: Курьером.
Заказ[4400]. Имя: Павел, Телефон: +79262646161. Товары: Вторичная стрейч пленка 20 мкм 2 кг x 100шт -> 18600руб, . Всего: 18600руб. Способ доставки: Курьером.
Заказ[4401]. Имя: Павел, Телефон: +79262646161. Товары: Вторичная стрейч пленка 20 мкм 2 кг x 100шт -> 18600руб, . Всего: 18600руб. Способ доставки: Транспортной компанией.
Заказ[4405]. Имя: Алексей, Телефон: +79253782821. Товары: Литники ПВД стрейч x 1шт -> 35руб, . Всего: 35руб. Способ доставки: Курьером.
Заказ[4406]. Имя: Екатерина, Телефон: +7 (926) 149-97-14. Товары: Пленка полиэтиленовая низкого давления (ПНД) x 1шт -> 70руб, . Всего: 70руб. Способ доставки: Транспортной компанией.
Заказ[4418]. Имя: Иван, Телефон: +7 (999) 908-23-99. Товары: Автоматическая линия по производству масок x 1шт -> 2900000руб, . Всего: 2900000руб. Способ доставки: Курьером.
Заказ[4419]. Имя: Маруф, Телефон: +7 (899) 997-53-68. Товары: Пакеты с фальцами x 1шт -> 1руб, Пакеты с логотипом x 1шт -> 1руб, . Всего: 2руб. Способ доставки: Курьером.
Заказ[4427]. Имя: Софья, Телефон: +7 (921) 954-66-59. Товары: Черные пакеты x 100шт -> 400руб, . Всего: 400руб. Способ доставки: Курьером.
Заказ[4429]. Имя: Андрианов, Телефон: +7 (922) 708-90-06. Товары: Пакеты с логотипом x 5000шт -> 5000руб, . Всего: 5000руб. Способ доставки: Транспортной компанией.
Заказ[4449]. Имя: Елена, Телефон: +7 (916) 103-06-56. Товары: Спанбонд белый 1,6м*500м (25 г/м2) x 401шт -> 152380руб, . Всего: 152380руб. Способ доставки: Курьером.
Заказ[4469]. Имя: ИмяТест, Телефон: +7 (980) 000-00-00. Товары: Гранула вторичная ПВД x 1шт -> 57руб, . Всего: 57руб. Способ доставки: Курьером.
Заказ[4470]. Имя: Тукмакова, Телефон: +7 (905) 055-75-40. Товары: Стрейч пленка 23 мкм 500 мм 3 кг x 234шт -> 82836руб, . Всего: 82836руб. Способ доставки: Курьером.
Заказ[4471]. Имя: ИмяТест, Телефон: +7 (980) 000-00-00. Товары: Пленка полиэтиленовая высокого давления (ПВД) x 1шт -> 70руб, . Всего: 70руб. Способ доставки: Курьером.
Заказ[4474]. Имя: Таня, Телефон: +7 (922) 518-50-08. Товары: Пакеты с логотипом x 1шт -> 1руб, . Всего: 1руб. Способ доставки: Курьером.
Заказ[4476]. Имя: Ольга, Телефон: +7 (921) 570-05-95. Товары: Вторичная стрейч пленка 17 мкм 1 кг x 1шт -> 93руб, . Всего: 93руб. Способ доставки: Курьером.
Заказ[4477]. Имя: алекс, Телефон: +7 (952) 250-12-22. Товары: Стрейч пленка 23 мкм 500 мм 3 кг x 1шт -> 354руб, . Всего: 354руб. Способ доставки: Курьером.
Заказ[4478]. Имя: Анна, Телефон: +7 (910) 435-89-60. Товары: Вторичная стрейч пленка 17 мкм 1 кг x 10шт -> 930руб, . Всего: 930руб. Способ доставки: Курьером.
Заказ[4480]. Имя: Иван, Телефон: +7 (991) 375-89-61. Товары: Вторичная стрейч пленка 17 мкм 1 кг x 240шт -> 22320руб, . Всего: 22320руб. Способ доставки: Транспортной компанией.
Заказ[4481]. Имя: Елена, Телефон: +7 (906) 706-71-11. Товары: Пленка полиэтиленовая термоусадочная x 1шт -> 120руб, . Всего: 120руб. Способ доставки: Курьером.
Заказ[4482]. Имя: Андрей, Телефон: +7 (910) 976-52-86. Товары: Стрейч пленка цветная x 6шт -> 480руб, . Всего: 480руб. Способ доставки: Транспортной компанией.
Заказ[4483]. Имя: Алексей, Телефон: +7 (924) 872-60-72. Товары: Машинная первичная стрейч пленка 500мм*23мкм*16кг x 1шт -> 1888руб, . Всего: 1888руб. Способ доставки: Транспортной компанией.
Заказ[4489]. Имя: Павел, Телефон: +7 (930) 831-19-06. Товары: Первичная стрейч пленка 500мм*23мкм*2кг x 1шт -> 236руб, . Всего: 236руб. Способ доставки: Транспортной компанией.
Заказ[4492]. Имя: Андрей, Телефон: +7 (926) 693-26-61. Товары: Вторичная стрейч пленка 17 мкм 3 кг x 10шт -> 2790руб, . Всего: 2790руб. Способ доставки: Транспортной компанией.
Заказ[4493]. Имя: Омер, Телефон: +7 (967) 256-89-11. Товары: Стрейч пленка машинная 17 мкм 500 мм 12 кг x 240шт -> 19200руб, . Всего: 19200руб. Способ доставки: Курьером.
Заказ[4499]. Имя: МАКСЭКСПРЕСС, Телефон: +7 (910) 423-51-70. Товары: Вторичная стрейч пленка 20 мкм 500 мм 2 кг x 90шт -> 16740руб, . Всего: 16740руб. Способ доставки: Курьером.
Заказ[4500]. Имя: Вургун, Телефон: +7 (916) 112-98-30. Товары: Стрейч пленка 20 мкм 2 кг x 60шт -> 14160руб, . Всего: 14160руб. Способ доставки: Курьером.
Заказ[4501]. Имя: Илья, Телефон: +7 (915) 413-40-57. Товары: Стрейч пленка 20 мкм 500 мм 3 кг x 240шт -> 84960руб, . Всего: 84960руб. Способ доставки: Курьером.
Заказ[4502]. Имя: Светлана, Телефон: +7 (965) 199-69-36. Товары: Первичная стрейч пленка 500мм*17мкм*2кг x 60шт -> 14160руб, . Всего: 14160руб. Способ доставки: Курьером.
Заказ[4503]. Имя: Ольга, Телефон: +7 (916) 779-67-10. Товары: Пленка полиэтиленовая термоусадочная x 10шт -> 1200руб, . Всего: 1200руб. Способ доставки: Транспортной компанией.
Заказ[4504]. Имя: Шерзодбек, Телефон: +7 (915) 046-55-55. Товары: Стрейч пленка цветная x 1шт -> 80руб, . Всего: 80руб. Способ доставки: Курьером.
Заказ[4505]. Имя: Виктор, Телефон: +7 (964) 774-01-44. Товары: Первичная стрейч пленка 500мм*135м*20мкм x 1шт -> 146руб, . Всего: 146руб. Способ доставки: Курьером.
Заказ[4506]. Имя: Виктор, Телефон: +7 (964) 774-01-44. Товары: Первичная стрейч пленка 500мм*135м*20мкм x 120шт -> 17520руб, . Всего: 17520руб. Способ доставки: Курьером.
Заказ[4507]. Имя: Александр, Телефон: +7 (495) 787-88-28. Товары: Первичная стрейч пленка 500мм*20мкм*2кг x 90шт -> 21240руб, . Всего: 21240руб. Способ доставки: Курьером.
Заказ[4508]. Имя: Бахриддин, Телефон: +7 (964) 564-37-73. Товары: Вторичная стрейч пленка 20 мкм 500 мм 3 кг x 60шт -> 16740руб, . Всего: 16740руб. Способ доставки: Курьером.
Заказ[4509]. Имя: Николай, Телефон: +7 (916) 757-65-57. Товары: Первичная стрейч пленка 500мм*17мкм*2кг x 60шт -> 14160руб, . Всего: 14160руб. Способ доставки: Курьером.
Заказ[4510]. Имя: Вячеслав, Телефон: +7 (981) 464-47-39. Товары: Стрейч пленка 17 мкм 500 мм 3 кг x 150шт -> 53100руб, . Всего: 53100руб. Способ доставки: Транспортной компанией.
Заказ[4511]. Имя: Дмитрий, Телефон: +7 (800) 111-11-11. Товары: Джамбо рулон вторичный 500мм*23мкм*30кг x 1шт -> 2790руб, . Всего: 2790руб. Способ доставки: Транспортной компанией.
Заказ[4512]. Имя: Elena, Телефон: +7 (925) 219-58-50. Товары: Вторичная стрейч пленка 20 мкм 2 кг x 20шт -> 3720руб, Первичная стрейч пленка 500мм*20мкм*1кг x 10шт -> 1180руб, . Всего: 4900руб. Способ доставки: Курьером.
Заказ[4513]. Имя: Богдан, Телефон: +7 (977) 602-34-10. Товары: Вторичная стрейч пленка 20 мкм 2 кг x 15шт -> 2790руб, . Всего: 2790руб. Способ доставки: Курьером.
Заказ[4514]. Имя: Арман, Телефон: +7 (958) 191-00-51. Товары: Стрейч пленка 23 мкм 500 мм 3 кг x 60шт -> 21240руб, . Всего: 21240руб. Способ доставки: Транспортной компанией.
Заказ[4515]. Имя: ООО Толеко, Телефон: +7 (927) 268-97-69. Товары: Вторичная стрейч пленка 17 мкм 500 мм 2 кг x 60шт -> 11160руб, . Всего: 11160руб. Способ доставки: Транспортной компанией.
Заказ[4516]. Имя: Тата, Телефон: +7 (916) 240-11-11. Товары: Пакеты с логотипом x 5000шт -> 5000руб, . Всего: 5000руб. Способ доставки: Курьером.
Заказ[4517]. Имя: Илья, Телефон: +7 (915) 413-40-57. Товары: Первичная стрейч пленка 500мм*17мкм*5кг x 150шт -> 88500руб, . Всего: 88500руб. Способ доставки: Курьером.
Заказ[4518]. Имя: Шерзодбек, Телефон: +7 (915) 046-55-55. Товары: Стрейч пленка цветная x 100шт -> 8000руб, . Всего: 8000руб. Способ доставки: Курьером.
Заказ[4519]. Имя: Людмила, Телефон: +7 (916) 930-15-00. Товары: Вторичная стрейч пленка 23 мкм 2 кг x 120шт -> 22320руб, . Всего: 22320руб. Способ доставки: Курьером.
Заказ[4520]. Имя: Кирилл, Телефон: +7 (926) 493-58-56. Товары: Первичная стрейч пленка 500мм*20мкм*2кг x 10шт -> 2360руб, Вторичная стрейч пленка 20 мкм 500 мм 2 кг x 60шт -> 11160руб, . Всего: 13520руб. Способ доставки: Курьером.
Заказ[4521]. Имя: Александр, Телефон: +7 (499) 840-05-20. Товары: Стрейч пленка 23 мкм 500 мм 2 кг x 60шт -> 14160руб, . Всего: 14160руб. Способ доставки: Курьером.
Заказ[4522]. Имя: Сергей, Телефон: +7 (953) 326-76-45. Товары: Стрейч пленка 17 мкм 2 кг x 60шт -> 14160руб, . Всего: 14160руб. Способ доставки: Курьером.
Заказ[4523]. Имя: Василий, Телефон: +7 (912) 360-01-59. Товары: Первичная стрейч пленка 500мм*17мкм*2кг x 120шт -> 28320руб, Вторичная стрейч пленка 17 мкм 500 мм 2 кг x 1шт -> 186руб, . Всего: 28506руб. Способ доставки: Транспортной компанией.
Заказ[4524]. Имя: Евгения, Телефон: +7 (905) 712-11-99. Товары: Первичная стрейч пленка 500мм*20мкм*2кг x 1шт -> 236руб, . Всего: 236руб. Способ доставки: Курьером.
Заказ[4525]. Имя: Саркис, Телефон: +7 (916) 992-18-18. Товары: Вторичная стрейч пленка 20 мкм 2 кг x 60шт -> 11160руб, . Всего: 11160руб. Способ доставки: Курьером.
Заказ[4526]. Имя: ООО "КОМТИВ-КОНТИНЕНТ", Телефон: +7 (903) 968-05-50. Товары: Вторичная стрейч пленка 500мм*17мкм*2кг x 60шт -> 11160руб, . Всего: 11160руб. Способ доставки: Курьером.
Заказ[4527]. Имя: Елена, Телефон: +7 (926) 030-54-12. Товары: Первичная стрейч пленка 500мм*20мкм*2кг x 150шт -> 35400руб, . Всего: 35400руб. Способ доставки: Курьером.
Заказ[4528]. Имя: Павел, Телефон: +7 (900) 515-03-42. Товары: Ручная первичная стрейч пленка 500мм*20мкм*2кг x 60шт -> 14160руб, . Всего: 14160руб. Способ доставки: Курьером.
Заказ[4529]. Имя: Иван, Телефон: +7 (915) 159-98-21. Товары: Вторичная стрейч пленка 23 мкм 2 кг x 60шт -> 11160руб, Черные пакеты x 101шт -> 404руб, . Всего: 11564руб. Способ доставки: Курьером.
Заказ[4530]. Имя: Елена, Телефон: +7 (916) 132-97-41. Товары: Первичная стрейч пленка 500мм*300м*20мкм x 195шт -> 63375руб, . Всего: 63375руб. Способ доставки: Курьером.
Заказ[4531]. Имя: Елена, Телефон: +7 (916) 132-97-41. Товары: Первичная стрейч пленка 500мм*20мкм*2кг x 195шт -> 46020руб, . Всего: 46020руб. Способ доставки: Курьером.
Заказ[4532]. Имя: Роман, Телефон: +7 (925) 564-87-48. Товары: Первичная стрейч пленка 500мм*23мкм*2кг x 1008шт -> 237888руб, . Всего: 237888руб. Способ доставки: Курьером.
Заказ[4533]. Имя: Дмитрий, Телефон: +7 (977) 752-51-38. Товары: Вторичная стрейч пленка 20 мкм 2 кг x 120шт -> 22320руб, . Всего: 22320руб. Способ доставки: Курьером.
Заказ[4534]. Имя: Маргарита, Телефон: +7 (961) 660-44-52. Товары: Первичная стрейч пленка 500мм*17мкм*1кг x 20шт -> 2360руб, . Всего: 2360руб. Способ доставки: Транспортной компанией.
Заказ[4535]. Имя: Евгений, Телефон: +7 (910) 447-21-24. Товары: Гранула первичная ПВД x 10шт -> 1000руб, . Всего: 1000руб. Способ доставки: Курьером.
Заказ[4536]. Имя: Алексей, Телефон: +7 (953) 241-60-13. Товары: Стрейч пленка 17 мкм 500 мм 2 кг x 12шт -> 2832руб, . Всего: 2832руб. Способ доставки: Транспортной компанией.
Заказ[4537]. Имя: Александр, Телефон: +7 (916) 779-88-66. Товары: Стрейч пленка 23 мкм 500 мм 2 кг x 50шт -> 11800руб, . Всего: 11800руб. Способ доставки: Курьером.
Заказ[4538]. Имя: Свам Групп, Телефон: +7 (916) 556-77-00. Товары: Первичная стрейч пленка 500мм*20мкм*2кг x 60шт -> 14160руб, Вторичная стрейч пленка 17 мкм 2 кг x 60шт -> 11160руб, . Всего: 25320руб. Способ доставки: Курьером.
Заказ[4539]. Имя: Владимир, Телефон: +7 (963) 698-17-05. Товары: Вторичная стрейч пленка 20 мкм 2 кг x 3600шт -> 669600руб, . Всего: 669600руб. Способ доставки: Курьером.
Заказ[4540]. Имя: Виталий, Телефон: +7 (999) 869-45-49. Товары: Вторичная стрейч пленка 17 мкм 2 кг x 120шт -> 22320руб, . Всего: 22320руб. Способ доставки: Курьером.
Заказ[4544]. Имя: Guntars, Телефон: +7 (965) 295-44-26. Товары: Гранула вторичная ПВД x 600шт -> 34200руб, . Всего: 34200руб. Способ доставки: Курьером.
Заказ[4546]. Имя: Максим, Телефон: +7 (903) 720-14-99. Товары: Вторичная стрейч пленка 20 мкм 2 кг x 60шт -> 11160руб, . Всего: 11160руб. Способ доставки: Курьером.
Заказ[4547]. Имя: Дарья, Телефон: +7 (929) 927-43-37. Товары: Стрейч пленка 23 мкм 500 мм 1 кг x 30шт -> 3540руб, Вторичная стрейч пленка 23 мкм 500 мм 1 кг x 12шт -> 1116руб, . Всего: 4656руб. Способ доставки: Курьером.
Заказ[4548]. Имя: Карен, Телефон: +7 (911) 363-99-99. Товары: Вторичная стрейч пленка 17 мкм 2 кг x 10шт -> 1860руб, . Всего: 1860руб. Способ доставки: Транспортной компанией.
Заказ[4549]. Имя: Юлия, Телефон: +7 (977) 448-08-77. Товары: Вторичная стрейч пленка 17 мкм 3 кг x 138шт -> 38502руб, . Всего: 38502руб. Способ доставки: Транспортной компанией.
Заказ[4550]. Имя: Максим, Телефон: +7 (916) 853-76-46. Товары: Вторичная стрейч пленка 500мм*17мкм*2кг x 60шт -> 11160руб, . Всего: 11160руб. Способ доставки: Курьером.
Заказ[4551]. Имя: ань, Телефон: +7 (903) 626-77-79. Товары: Вторичная стрейч пленка 20 мкм 2 кг x 1шт -> 186руб, . Всего: 186руб. Способ доставки: Курьером.
Заказ[4552]. Имя: Алексей, Телефон: +7 (926) 556-44-13. Товары: Первичная стрейч пленка 500мм*23мкм*2кг x 120шт -> 28320руб, . Всего: 28320руб. Способ доставки: Курьером.
Заказ[4553]. Имя: Людмила, Телефон: +7 (495) 416-60-01. Товары: Вторичная стрейч пленка 500мм*20мкм*1кг x 120шт -> 11160руб, . Всего: 11160руб. Способ доставки: Курьером.
Заказ[4554]. Имя: Дмитрий, Телефон: +7 (962) 927-84-06. Товары: Вторичная стрейч пленка 17 мкм 3 кг x 6шт -> 1674руб, . Всего: 1674руб. Способ доставки: Курьером.
Заказ[4555]. Имя: Дмитрий, Телефон: +7 (926) 491-04-78. Товары: Стрейч пленка белая x 60шт -> 4800руб, . Всего: 4800руб. Способ доставки: Курьером.
Заказ[4556]. Имя: роман, Телефон: +7 (903) 968-79-41. Товары: Машинная первичная стрейч пленка 500мм*23мкм*16кг x 10шт -> 18880руб, Первичная стрейч пленка 500мм*23мкм*2кг x 100шт -> 23600руб, Машинная вторичная стрейч пленка 500мм*17мкм*16кг x 1шт -> 1488руб, Вторичная стрейч пленка 23 мкм 2 кг x 1шт -> 186руб, . Всего: 44154руб. Способ доставки: Транспортной компанией.
Заказ[4557]. Имя: ТАИР, Телефон: +7 (950) 805-81-19. Товары: Первичная стрейч пленка 500мм*17мкм*2кг x 40шт -> 9440руб, . Всего: 9440руб. Способ доставки: Курьером.
Заказ[4558]. Имя: Александр, Телефон: +7 (903) 500-08-72. Товары: Машинная первичная стрейч пленка 500мм*17мкм*16кг x 15шт -> 28320руб, . Всего: 28320руб. Способ доставки: Курьером.
Заказ[4559]. Имя: Татьяна, Телефон: +7 (963) 444-13-17. Товары: Первичная стрейч пленка 500мм*23мкм*2кг x 210шт -> 49560руб, . Всего: 49560руб. Способ доставки: Курьером.
Заказ[4560]. Имя: Александр, Телефон: +7 (903) 262-22-21. Товары: Первичная стрейч пленка 500мм*20мкм*2кг x 100шт -> 23600руб, . Всего: 23600руб. Способ доставки: Курьером.
Заказ[4561]. Имя: Антон, Телефон: +7 (926) 408-06-89. Товары: Первичная стрейч пленка 500мм*17мкм*12кг x 10шт -> 14160руб, . Всего: 14160руб. Способ доставки: Курьером.
Заказ[4526]. Имя: ООО "КОМТИВ-КОНТИНЕНТ", Телефон: +7 (903) 968-05-50. Товары: Вторичная стрейч пленка 500мм*17мкм*2кг x 60шт -> 11160руб, . Всего: 11160руб. Способ доставки: Курьером.
Заказ[4562]. Имя: Иван, Телефон: +7 (987) 750-38-34. Товары: Стрейч пленка цветная x 1шт -> 80руб, Стрейч пленка черная x 1шт -> 80руб, . Всего: 160руб. Способ доставки: Курьером.
Заказ[4563]. Имя: Андрей, Телефон: +7 (977) 293-85-03. Товары: Вторичная стрейч пленка 20 мкм 2 кг x 60шт -> 11160руб, . Всего: 11160руб. Способ доставки: Курьером.
Заказ[4564]. Имя: Алексей, Телефон: +7 (985) 907-19-33. Товары: Первичная стрейч пленка 500мм*20мкм*2кг x 12шт -> 2832руб, Вторичная стрейч пленка 20 мкм 500 мм 2 кг x 12шт -> 2232руб, Стрейч пленка цветная x 6шт -> 480руб, . Всего: 5544руб. Способ доставки: Курьером.
Заказ[4565]. Имя: Татьяна, Телефон: +7 (495) 972-28-24. Товары: Первичная стрейч пленка 500мм*20мкм*1кг x 30шт -> 3540руб, Вторичная стрейч пленка 20 мкм 1 кг x 30шт -> 2790руб, . Всего: 6330руб. Способ доставки: Транспортной компанией.
Заказ[4566]. Имя: Денис, Телефон: +7 (916) 781-61-27. Товары: Стрейч пленка белая x 120шт -> 9600руб, . Всего: 9600руб. Способ доставки: Курьером.
Заказ[4567]. Имя: Илья, Телефон: +7 (911) 721-93-76. Товары: Стрейч пленка цветная x 1шт -> 80руб, . Всего: 80руб. Способ доставки: Транспортной компанией.
Заказ[4567]. Имя: Илья, Телефон: +7 (911) 721-93-76. Товары: Стрейч пленка цветная x 1шт -> 80руб, . Всего: 80руб. Способ доставки: Транспортной компанией.
Заказ[4567]. Имя: Илья, Телефон: +7 (911) 721-93-76. Товары: Стрейч пленка цветная x 1шт -> 80руб, . Всего: 80руб. Способ доставки: Транспортной компанией.
Заказ[4568]. Имя: Анна, Телефон: +7 (911) 624-75-30. Товары: Стрейч пленка 17 мкм 2 кг x 60шт -> 14160руб, . Всего: 14160руб. Способ доставки: Транспортной компанией.
Заказ[4569]. Имя: Андрей, Телефон: +7 (977) 937-73-41. Товары: Стрейч пленка ручная (Бизнес) x 180шт -> 18000руб, Стрейч пленка черная x 90шт -> 7200руб, . Всего: 25200руб. Способ доставки: Курьером.
Заказ[4570]. Имя: Юлия, Телефон: +7 (904) 270-82-48. Товары: Вторичная стрейч пленка 17 мкм 2 кг x 60шт -> 11160руб, . Всего: 11160руб. Способ доставки: Транспортной компанией.
Заказ[4571]. Имя: ООО "Сеант", Телефон: +7 (915) 170-14-45. Товары: Вторичная стрейч пленка 20 мкм 3 кг x 120шт -> 33480руб, . Всего: 33480руб. Способ доставки: Курьером.
Заказ[4572]. Имя: Эрик, Телефон: +7 (905) 720-53-28. Товары: Вторичная стрейч пленка 23 мкм 3 кг x 60шт -> 16740руб, . Всего: 16740руб. Способ доставки: Курьером.
Заказ[4573]. Имя: Елена, Телефон: +7 (926) 030-54-12. Товары: Первичная стрейч пленка 500мм*20мкм*2кг x 120шт -> 28320руб, . Всего: 28320руб. Способ доставки: Курьером.
Заказ[4574]. Имя: Евгений, Телефон: +7 (343) 346-93-80. Товары: Стрейч пленка черная x 12шт -> 960руб, . Всего: 960руб. Способ доставки: Транспортной компанией.
Заказ[4574]. Имя: Евгений, Телефон: +7 (343) 346-93-80. Товары: Стрейч пленка черная x 12шт -> 960руб, . Всего: 960руб. Способ доставки: Транспортной компанией.
Заказ[4574]. Имя: Евгений, Телефон: +7 (343) 346-93-80. Товары: Стрейч пленка черная x 12шт -> 960руб, . Всего: 960руб. Способ доставки: Транспортной компанией.
Заказ[4575]. Имя: Самир, Телефон: +7 (988) 528-13-33. Товары: Вторичная стрейч пленка 20 мкм 2 кг x 120шт -> 22320руб, . Всего: 22320руб. Способ доставки: Курьером.
Заказ[4576]. Имя: Владимир, Телефон: +7 (977) 726-02-35. Товары: Стрейч пленка цветная x 1шт -> 80руб, . Всего: 80руб. Способ доставки: Курьером.
Заказ[4576]. Имя: Владимир, Телефон: +7 (977) 726-02-35. Товары: Стрейч пленка цветная x 1шт -> 80руб, . Всего: 80руб. Способ доставки: Курьером.
Заказ[4576]. Имя: Владимир, Телефон: +7 (977) 726-02-35. Товары: Стрейч пленка цветная x 1шт -> 80руб, . Всего: 80руб. Способ доставки: Курьером.
Заказ[4576]. Имя: Владимир, Телефон: +7 (977) 726-02-35. Товары: Стрейч пленка цветная x 1шт -> 80руб, . Всего: 80руб. Способ доставки: Курьером.
Заказ[4577]. Имя: Алексей, Телефон: +7 (903) 024-80-10. Товары: Первичная стрейч пленка 500мм*23мкм*2кг x 60шт -> 14160руб, . Всего: 14160руб. Способ доставки: Транспортной компанией.
Заказ[4578]. Имя: Алексей, Телефон: +7 (915) 279-41-59. Товары: Ручная первичная стрейч пленка 500мм*23мкм*2кг x 60шт -> 14160руб, . Всего: 14160руб. Способ доставки: Курьером.
Заказ[4579]. Имя: Александр, Телефон: +7 (925) 173-72-93. Товары: Первичная стрейч пленка 500мм*17мкм*2кг x 60шт -> 14160руб, . Всего: 14160руб. Способ доставки: Курьером.
Заказ[4580]. Имя: Александр, Телефон: +7 (995) 395-47-79. Товары: Вторичная стрейч пленка 500мм*300м*20мкм x 150шт -> 38400руб, . Всего: 38400руб. Способ доставки: Транспортной компанией.
Заказ[4581]. Имя: Елена, Телефон: +7 (917) 545-63-53. Товары: Стрейч пленка цветная x 1шт -> 80руб, Первичная стрейч пленка 500мм*17мкм*2кг x 6шт -> 1416руб, . Всего: 1496руб. Способ доставки: Курьером.
Заказ[4582]. Имя: Данил, Телефон: +7 (930) 833-21-21. Товары: Вторичная стрейч пленка 17 мкм 500 мм 2 кг x 30шт -> 5580руб, . Всего: 5580руб. Способ доставки: Курьером.
Заказ[4583]. Имя: Норайр, Телефон: +7 (964) 577-88-09. Товары: Первичная стрейч пленка 500мм*23мкм*2кг x 100шт -> 23600руб, . Всего: 23600руб. Способ доставки: Курьером.
Заказ[4584]. Имя: Светлана, Телефон: +7 (909) 668-73-49. Товары: Вторичная стрейч пленка 20 мкм 2 кг x 30шт -> 5580руб, . Всего: 5580руб. Способ доставки: Транспортной компанией.
Заказ[4585]. Имя: Олег, Телефон: +7 (917) 984-44-57. Товары: Стрейч пленка белая x 1шт -> 80руб, . Всего: 80руб. Способ доставки: Транспортной компанией.
Заказ[4586]. Имя: Сергей, Телефон: +7 (925) 506-25-26. Товары: Вторичная стрейч пленка 17 мкм 2 кг x 36шт -> 6696руб, Стрейч пленка 17 мкм 2 кг x 36шт -> 8496руб, . Всего: 15192руб. Способ доставки: Курьером.
Заказ[4587]. Имя: Александра, Телефон: +7 (965) 254-47-13. Товары: Вторичная стрейч пленка 20 мкм 500 мм 2 кг x 300шт -> 55800руб, . Всего: 55800руб. Способ доставки: Курьером.
Заказ[4588]. Имя: Михаил, Телефон: +7 (916) 903-70-51. Товары: Ручная вторичная стрейч пленка 500мм*23мкм*2кг x 60шт -> 11160руб, . Всего: 11160руб. Способ доставки: Курьером.
Заказ[4589]. Имя: Татьяна, Телефон: +7 (985) 157-50-07. Товары: Стрейч пленка 23 мкм 500 мм 3 кг x 10шт -> 3540руб, . Всего: 3540руб. Способ доставки: Курьером.
Заказ[4590]. Имя: Елена, Телефон: +7 (904) 772-80-48. Товары: Первичная стрейч пленка 500мм*300м*20мкм x 2шт -> 650руб, . Всего: 650руб. Способ доставки: Курьером.
Заказ[4591]. Имя: Сергей, Телефон: +7 (938) 100-16-49. Товары: Пакет для шин x 1шт -> 1руб, . Всего: 1руб. Способ доставки: Курьером.
Заказ[4592]. Имя: Елена, Телефон: +7 (927) 757-74-38. Товары: Первичная стрейч пленка 500мм*17мкм*2кг x 1шт -> 236руб, . Всего: 236руб. Способ доставки: Курьером.
Заказ[4593]. Имя: Ольга, Телефон: +7 (915) 056-20-44. Товары: Вторичная стрейч пленка 500мм*135м*20мкм x 10шт -> 1150руб, . Всего: 1150руб. Способ доставки: Курьером.
Заказ[4594]. Имя: Ольга, Телефон: +7 (915) 056-20-44. Товары: Вторичная стрейч пленка 500мм*135м*20мкм x 36шт -> 4140руб, . Всего: 4140руб. Способ доставки: Курьером.
Заказ[4595]. Имя: Джамиля, Телефон: +7 (849) 541-66-00. Товары: Вторичная стрейч пленка 20 мкм 500 мм 2 кг x 108шт -> 20088руб, . Всего: 20088руб. Способ доставки: Курьером.
Заказ[4597]. Имя: Роман, Телефон: +7 (911) 521-64-86. Товары: Вторичная стрейч пленка 17 мкм 500 мм 2 кг x 60шт -> 11160руб, . Всего: 11160руб. Способ доставки: Курьером.
Заказ[4598]. Имя: Ирина, Телефон: +7 (985) 999-03-01. Товары: Стрейч пленка 17 мкм 500 мм 1 кг x 60шт -> 7080руб, . Всего: 7080руб. Способ доставки: Курьером.
Заказ[4599]. Имя: Александра, Телефон: +7 (985) 624-94-94. Товары: Стрейч пленка белая x 30шт -> 2400руб, . Всего: 2400руб. Способ доставки: Курьером.
Заказ[4600]. Имя: Роман, Телефон: +7 (905) 072-08-88. Товары: Вторичная стрейч пленка 23 мкм 2 кг x 6шт -> 1116руб, . Всего: 1116руб. Способ доставки: Транспортной компанией.
Заказ[4601]. Имя: Жанна, Телефон: +7 (926) 549-06-19. Товары: Вторичная стрейч пленка 17 мкм 2 кг x 7шт -> 1302руб, . Всего: 1302руб. Способ доставки: Курьером.
Заказ[4602]. Имя: Кирилл, Телефон: +7 (913) 917-48-54. Товары: Первичная стрейч пленка 500мм*20мкм*2кг x 60шт -> 14160руб, . Всего: 14160руб. Способ доставки: Транспортной компанией.
Заказ[4603]. Имя: Ольга, Телефон: +7 (915) 056-20-44. Товары: Вторичная стрейч пленка 500мм*135м*20мкм x 60шт -> 6900руб, . Всего: 6900руб. Способ доставки: Курьером.
Заказ[4604]. Имя: Жанна, Телефон: +7 (926) 549-06-19. Товары: Вторичная стрейч пленка 17 мкм 2 кг x 6шт -> 1116руб, . Всего: 1116руб. Способ доставки: Курьером.
Заказ[4605]. Имя: Евгения, Телефон: +7 (923) 302-56-66. Товары: Стрейч пленка цветная x 4шт -> 320руб, . Всего: 320руб. Способ доставки: Курьером.
Заказ[4606]. Имя: Бердах Камалов, Телефон: +7 (999) 999-99-99. Товары: Стрейч пленка ручная (Бизнес) x 1шт -> 100руб, Стрейч пленка белая x 1шт -> 80руб, Вторичная стрейч пленка 20 мкм 500 мм x 1шт -> 80руб, . Всего: 260руб. Способ доставки: Курьером.
Заказ[4607]. Имя: Айдер, Телефон: +7 (978) 809-19-64. Товары: Стрейч пленка 20 мкм 2 кг x 300шт -> 70800руб, . Всего: 70800руб. Способ доставки: Курьером.
Заказ[4608]. Имя: Вадим, Телефон: +7 (891) 976-73-55. Товары: Первичная стрейч пленка 500мм*23мкм*3кг x 1шт -> 354руб, . Всего: 354руб. Способ доставки: Курьером.
Заказ[4609]. Имя: Айдер, Телефон: +7 (978) 809-19-64. Товары: Первичная стрейч пленка 500мм*20мкм*2кг x 301шт -> 71036руб, . Всего: 71036руб. Способ доставки: Курьером.
Заказ[4610]. Имя: андрей, Телефон: +7 (965) 106-78-26. Товары: Вторичная стрейч пленка 17 мкм 3 кг x 60шт -> 16740руб, . Всего: 16740руб. Способ доставки: Курьером.
Заказ[4611]. Имя: Павел, Телефон: +7 (977) 490-73-72. Товары: Стрейч пленка черная x 2шт -> 160руб, . Всего: 160руб. Способ доставки: Курьером.
Заказ[4613]. Имя: Дмитрий, Телефон: +7 (920) 772-63-51. Товары: Джамбо рулон 30 кг 17 мкм x 60шт -> 4800руб, . Всего: 4800руб. Способ доставки: Транспортной компанией.
Заказ[4614]. Имя: Александр, Телефон: +7 (965) 159-52-36. Товары: Стрейч пленка 20 мкм 2 кг x 12шт -> 2832руб, . Всего: 2832руб. Способ доставки: Курьером.
Заказ[4615]. Имя: Александр, Телефон: +7 (965) 159-52-36. Товары: Ручная вторичная стрейч пленка 500мм*23мкм*2кг x 60шт -> 11160руб, . Всего: 11160руб. Способ доставки: Курьером.
Заказ[4616]. Имя: Давид, Телефон: +7 (913) 290-00-07. Товары: Вторичная стрейч пленка 23 мкм 2 кг x 60шт -> 11160руб, . Всего: 11160руб. Способ доставки: Транспортной компанией.
Заказ[4617]. Имя: Анна, Телефон: +7 (925) 005-09-18. Товары: Первичная стрейч пленка 500мм*300м*17 мкм x 18шт -> 4968руб, . Всего: 4968руб. Способ доставки: Курьером.
Заказ[4618]. Имя: Анна, Телефон: +7 (911) 372-48-23. Товары: Первичная стрейч пленка 500мм*17мкм*2кг x 60шт -> 14160руб, . Всего: 14160руб. Способ доставки: Транспортной компанией.
Заказ[4619]. Имя: Вадим, Телефон: +7 (953) 763-46-32. Товары: Вторичная стрейч пленка 17 мкм 2 кг x 30шт -> 5580руб, Первичная стрейч пленка 500мм*17мкм*2кг x 6шт -> 1416руб, . Всего: 6996руб. Способ доставки: Курьером.
Заказ[4620]. Имя: Кужелев, Телефон: +7 (996) 924-97-61. Товары: Пленка полиэтиленовая строительная x 1шт -> 75руб, . Всего: 75руб. Способ доставки: Курьером.
Заказ[4621]. Имя: Роман, Телефон: +7 (904) 510-20-70. Товары: Станок для приварки ушных петель ручной x 1шт -> 60000руб, . Всего: 60000руб. Способ доставки: Транспортной компанией.
Заказ[4622]. Имя: константин, Телефон: +7 (951) 060-05-55. Товары: Литники ПВД стрейч x 10000шт -> 350000руб, . Всего: 350000руб. Способ доставки: Транспортной компанией.
Заказ[4623]. Имя: Тхюй, Телефон: +7 (965) 854-30-32. Товары: Первичная стрейч пленка 500мм*23мкм*2кг x 10шт -> 2360руб, . Всего: 2360руб. Способ доставки: Курьером.
Заказ[4624]. Имя: Сазанов Александр, Телефон: +7 (952) 676-47-17. Товары: Первичная стрейч пленка 500мм*20мкм*2кг x 10шт -> 2360руб, . Всего: 2360руб. Способ доставки: Транспортной компанией.
Заказ[4625]. Имя: Наталья, Телефон: +7 (911) 902-49-14. Товары: Вторичная стрейч пленка 20 мкм 500 мм 2 кг x 120шт -> 22320руб, . Всего: 22320руб. Способ доставки: Курьером.
Заказ[4626]. Имя: ильдар, Телефон: +7 (922) 068-10-77. Товары: Ручная первичная стрейч пленка 500мм*17мкм*1кг x 300шт -> 35400руб, . Всего: 35400руб. Способ доставки: Курьером.
Заказ[4627]. Имя: Павел (ООО "Полаир-Лада" ИНН 6324038767), Телефон: +7 (902) 296-37-44. Товары: Стрейч пленка черная x 3шт -> 240руб, . Всего: 240руб. Способ доставки: Транспортной компанией.
Заказ[4629]. Имя: Давид, Телефон: +7 (913) 290-00-07. Товары: Вторичная стрейч пленка 17 мкм 2 кг x 60шт -> 11160руб, . Всего: 11160руб. Способ доставки: Транспортной компанией.
Заказ[4630]. Имя: Давид, Телефон: +7 (915) 099-15-24. Товары: Стрейч пленка 20 мкм 500 мм 2 кг x 180шт -> 42480руб, . Всего: 42480руб. Способ доставки: Курьером.
Заказ[4631]. Имя: ДЕНИС, Телефон: +7 (895) 060-38-86. Товары: Стрейч пленка белая x 1шт -> 80руб, . Всего: 80руб. Способ доставки: Курьером.
Заказ[4632]. Имя: Дмитрий, Телефон: +7 (966) 140-86-83. Товары: Стрейч пленка черная x 5шт -> 400руб, . Всего: 400руб. Способ доставки: Курьером.
Заказ[4633]. Имя: Залина, Телефон: +7 (964) 518-13-82. Товары: Стрейч пленка белая x 60шт -> 4800руб, . Всего: 4800руб. Способ доставки: Курьером.
Заказ[4634]. Имя: Александр, Телефон: +7 (916) 302-43-89. Товары: Стрейч пленка белая x 1шт -> 80руб, Стрейч пленка 20 мкм 500 мм 2 кг x 30шт -> 7080руб, . Всего: 7160руб. Способ доставки: Курьером.
Заказ[4635]. Имя: Карине, Телефон: +7 (915) 118-84-41. Товары: Гранула первичная ПВД x 2шт -> 200руб, . Всего: 200руб. Способ доставки: Курьером.
Заказ[4636]. Имя: Андрей, Телефон: +7 (952) 760-37-52. Товары: Первичная стрейч пленка 500мм*17мкм*2кг x 300шт -> 70800руб, . Всего: 70800руб. Способ доставки: Курьером.
Заказ[4637]. Имя: Андрей, Телефон: +7 (952) 760-37-52. Товары: Первичная стрейч пленка 500мм*20мкм*2кг x 300шт -> 70800руб, . Всего: 70800руб. Способ доставки: Транспортной компанией.
Заказ[4638]. Имя: Анастасия, Телефон: +7 (495) 575-41-57. Товары: Вторичная стрейч пленка 23 мкм 2 кг x 60шт -> 11160руб, . Всего: 11160руб. Способ доставки: Курьером.
Заказ[4639]. Имя: Виолета, Телефон: +7 (985) 835-15-84. Товары: Стрейч пленка черная x 1шт -> 80руб, . Всего: 80руб. Способ доставки: Курьером.
Заказ[4640]. Имя: Понедельников, Телефон: +7 (916) 788-77-78. Товары: Вторичная стрейч пленка 17 мкм 1 кг x 1шт -> 93руб, Цветная клейкая лента x 3шт -> 90руб, . Всего: 183руб. Способ доставки: Курьером.
Заказ[4641]. Имя: Андрей, Телефон: +7 (999) 894-50-07. Товары: Стрейч пленка черная x 5шт -> 400руб, . Всего: 400руб. Способ доставки: Транспортной компанией.
Заказ[4642]. Имя: Сергей (счёт на юр.лицо), Телефон: +7 (903) 244-26-89. Товары: Первичная стрейч пленка 500мм*20мкм*2кг x 24шт -> 5664руб, . Всего: 5664руб. Способ доставки: Курьером.
Заказ[4643]. Имя: Максим, Телефон: +7 (915) 526-63-75. Товары: Стрейч пленка черная x 10шт -> 800руб, . Всего: 800руб. Способ доставки: Транспортной компанией.
Заказ[4644]. Имя: Алексей, Телефон: +7 (926) 830-71-56. Товары: Первичная стрейч пленка 500мм*23мкм*2кг x 72шт -> 16992руб, . Всего: 16992руб. Способ доставки: Курьером.
Заказ[4645]. Имя: Николай, Телефон: +7 (926) 138-78-73. Товары: Стрейч пленка 23 мкм 500 мм 2 кг x 1шт -> 236руб, . Всего: 236руб. Способ доставки: Курьером.
Заказ[4646]. Имя: Николай, Телефон: +7 (926) 138-78-73. Товары: Ручная вторичная стрейч пленка 500мм*20мкм*2кг x 60шт -> 11160руб, . Всего: 11160руб. Способ доставки: Курьером.
Заказ[4647]. Имя: Владимир, Телефон: +7 (918) 921-49-00. Товары: Джамбо рулон первичный 500мм*23мкм*30кг x 61шт -> 215940руб, . Всего: 215940руб. Способ доставки: Транспортной компанией.
Заказ[4648]. Имя: Евгений, Телефон: +7 (951) 723-75-32. Товары: Первичная стрейч пленка 500мм*17мкм*16кг x 10шт -> 18880руб, . Всего: 18880руб. Способ доставки: Транспортной компанией.
Заказ[4649]. Имя: Вячеслав, Телефон: +7 (905) 274-67-46. Товары: Первичная стрейч пленка 500мм*23мкм*2кг x 96шт -> 22656руб, . Всего: 22656руб. Способ доставки: Курьером.
Заказ[4650]. Имя: Артем, Телефон: +7 (962) 627-75-63. Товары: Первичная стрейч пленка 500мм*17мкм*2кг x 60шт -> 14160руб, . Всего: 14160руб. Способ доставки: Транспортной компанией.
Заказ[4651]. Имя: Иван, Телефон: +7 (922) 660-97-36. Товары: Первичная стрейч пленка 500мм*20мкм*2кг x 100шт -> 23600руб, . Всего: 23600руб. Способ доставки: Курьером.
Заказ[4652]. Имя: Александр, Телефон: +7 (963) 999-38-53. Товары: Вторичная стрейч пленка 23 мкм 3 кг x 120шт -> 33480руб, . Всего: 33480руб. Способ доставки: Курьером.
Заказ[4653]. Имя: Руслан, Телефон: +7 (937) 994-04-84. Товары: Джамбо рулон первичный 500мм*17мкм*30кг x 10шт -> 35400руб, . Всего: 35400руб. Способ доставки: Транспортной компанией.
Заказ[4654]. Имя: Александр, Телефон: +7 (908) 023-27-88. Товары: Первичная стрейч пленка 500мм*20мкм*2кг x 60шт -> 14160руб, . Всего: 14160руб. Способ доставки: Транспортной компанией.
Заказ[4655]. Имя: Сергей, Телефон: +7 (991) 623-10-20. Товары: Вторичная стрейч пленка 17 мкм 2 кг x 90шт -> 16740руб, . Всего: 16740руб. Способ доставки: Курьером.
